[10:18:22 PM] Polling for statuses...
[10:18:22 PM] Active polling started. Interval: 30s
[10:18:22 PM] Checking 1 contacts for status
[10:18:22 PM] Poll complete. Found 0 statuses
[10:18:52 PM] Polling for statuses...
[10:18:52 PM] Checking 1 contacts for status
[10:18:52 PM] Poll complete. Found 0 statuses
[10:19:22 PM] Polling for statuses...
[10:19:22 PM] Checking 1 contacts for status
[10:19:22 PM] Status found for: 254703397679:25
[10:19:22 PM] Notification sent to owner
[10:19:22 PM] Poll complete. Found 1 statuses
[10:19:52 PM] Polling for statuses...
[10:19:52 PM] Checking 1 contacts for status
[10:19:52 PM] Status found for: 254703397679:25
[10:19:52 PM] Notification sent to owner
[10:19:52 PM] Poll complete. Found 1 statuses
[10:20:22 PM] Polling for statuses...
[10:20:22 PM] Checking 1 contacts for status
[10:20:22 PM] Status found for: 254703397679:25
[10:20:22 PM] Notification sent to owner
[10:20:22 PM] Poll complete. Found 1 statuses
[10:20:52 PM] Polling for statuses...
[10:20:52 PM] Checking 1 contacts for status
[10:20:52 PM] Status found for: 254703397679:25
[10:20:52 PM] Notification sent to owner
[10:20:52 PM] Poll complete. Found 1 statuses
[10:21:22 PM] Polling for statuses...
[10:21:22 PM] Checking 1 contacts for status
[10:21:22 PM] Status found for: 254703397679:25
[10:21:22 PM] Notification sent to owner
[10:21:22 PM] Poll complete. Found 1 statuses
[10:21:52 PM] Polling for statuses...
[10:21:52 PM] Checking 1 contacts for status
[10:21:52 PM] Status found for: 254703397679:25
[10:21:52 PM] Notification sent to owner
[10:21:52 PM] Poll complete. Found 1 statuses
[10:35:58 PM] Polling for statuses...
[10:35:58 PM] Active polling started. Interval: 30s
[10:35:58 PM] Checking 1 contacts for status
[10:35:58 PM] Poll complete. Found 0 statuses
[10:36:28 PM] Polling for statuses...
[10:36:28 PM] Checking 1 contacts for status
[10:36:28 PM] Poll complete. Found 0 statuses
[10:36:58 PM] Polling for statuses...
[10:36:58 PM] Checking 1 contacts for status
[10:36:58 PM] Status found for: 254703397679:26
[10:36:58 PM] Notification sent to owner
[10:36:58 PM] Poll complete. Found 1 statuses
[10:37:28 PM] Polling for statuses...
[10:37:28 PM] Checking 1 contacts for status
[10:37:28 PM] Status found for: 254703397679:26
[10:37:28 PM] Notification sent to owner
[10:37:28 PM] Poll complete. Found 1 statuses
[10:37:58 PM] Polling for statuses...
[10:37:58 PM] Checking 1 contacts for status
[10:37:58 PM] Status found for: 254703397679:26
[10:37:58 PM] Notification sent to owner
[10:37:58 PM] Poll complete. Found 1 statuses
[10:38:28 PM] Polling for statuses...
[10:38:28 PM] Checking 1 contacts for status
[10:38:28 PM] Status found for: 254703397679:26
[10:38:28 PM] Notification sent to owner
[10:38:28 PM] Poll complete. Found 1 statuses
[10:38:58 PM] Polling for statuses...
[10:38:58 PM] Checking 1 contacts for status
[10:38:58 PM] Status found for: 254703397679:26
[10:38:58 PM] Notification sent to owner
[10:38:58 PM] Poll complete. Found 1 statuses
[10:39:28 PM] Polling for statuses...
[10:39:28 PM] Checking 1 contacts for status
[10:39:28 PM] Status found for: 254703397679:26
[10:39:28 PM] Notification sent to owner
[10:39:28 PM] Poll complete. Found 1 statuses
[10:39:58 PM] Polling for statuses...
[10:39:58 PM] Checking 1 contacts for status
[10:39:58 PM] Status found for: 254703397679:26
[10:39:58 PM] Notification sent to owner
[10:39:58 PM] Poll complete. Found 1 statuses
[10:40:28 PM] Polling for statuses...
[10:40:28 PM] Checking 1 contacts for status
[10:40:28 PM] Status found for: 254703397679:26
[10:40:28 PM] Notification sent to owner
[10:40:28 PM] Poll complete. Found 1 statuses
[10:40:58 PM] Polling for statuses...
[10:40:58 PM] Checking 1 contacts for status
[10:40:58 PM] Status found for: 254703397679:26
[10:40:58 PM] Notification sent to owner
[10:40:58 PM] Poll complete. Found 1 statuses
[10:41:28 PM] Polling for statuses...
[10:41:28 PM] Checking 1 contacts for status
[10:41:28 PM] Status found for: 254703397679:26
[10:41:28 PM] Notification sent to owner
[10:41:28 PM] Poll complete. Found 1 statuses
[10:41:58 PM] Polling for statuses...
[10:41:58 PM] Checking 1 contacts for status
[10:41:58 PM] Status found for: 254703397679:26
[10:41:58 PM] Notification sent to owner
[10:41:58 PM] Poll complete. Found 1 statuses
[10:42:28 PM] Polling for statuses...
[10:42:28 PM] Checking 1 contacts for status
[10:42:28 PM] Status found for: 254703397679:26
[10:42:28 PM] Notification sent to owner
[10:42:28 PM] Poll complete. Found 1 statuses
[10:42:58 PM] Polling for statuses...
[10:42:58 PM] Checking 1 contacts for status
[10:42:58 PM] Status found for: 254703397679:26
[10:42:58 PM] Notification sent to owner
[10:42:58 PM] Poll complete. Found 1 statuses
[10:44:47 PM] Polling for statuses...
[10:44:47 PM] Contact sources: {"bot_self":1}
[10:44:47 PM] Active polling started. Interval: 30s
[10:44:47 PM] Checking 1 contacts for status
[10:44:47 PM] Poll complete. Found 0 statuses
[10:45:17 PM] Polling for statuses...
[10:45:17 PM] Contact sources: {"bot_self":1}
[10:45:17 PM] Checking 1 contacts for status
[10:45:17 PM] Poll complete. Found 0 statuses
[10:45:47 PM] Polling for statuses...
[10:45:47 PM] Contact sources: {"bot_self":1}
[10:45:47 PM] Checking 1 contacts for status
[10:45:47 PM] Poll complete. Found 0 statuses
[10:46:17 PM] Polling for statuses...
[10:46:17 PM] Contact sources: {"bot_self":1}
[10:46:17 PM] Checking 1 contacts for status
[10:46:17 PM] ✅ Status found for: 254703397679:26 (fallback_random_detection)
[10:46:17 PM] Notification error: Assignment to constant variable.
[10:46:17 PM] Poll complete. Found 1 statuses
[10:46:47 PM] Polling for statuses...
[10:46:47 PM] Contact sources: {"bot_self":1}
[10:46:47 PM] Checking 1 contacts for status
[10:46:47 PM] ✅ Status found for: 254703397679:26 (cache_recent_status)
[10:46:47 PM] Notification error: Assignment to constant variable.
[10:46:47 PM] Poll complete. Found 1 statuses
[10:47:17 PM] Polling for statuses...
[10:47:17 PM] Contact sources: {"bot_self":1}
[10:47:17 PM] Checking 1 contacts for status
[10:47:17 PM] ✅ Status found for: 254703397679:26 (cache_recent_status)
[10:47:17 PM] Notification error: Assignment to constant variable.
[10:47:17 PM] Poll complete. Found 1 statuses
[10:47:47 PM] Polling for statuses...
[10:47:47 PM] Contact sources: {"bot_self":1}
[10:47:47 PM] Checking 1 contacts for status
[10:47:47 PM] ✅ Status found for: 254703397679:26 (cache_recent_status)
[10:47:47 PM] Notification error: Assignment to constant variable.
[10:47:47 PM] Poll complete. Found 1 statuses
[10:48:17 PM] Polling for statuses...
[10:48:17 PM] Contact sources: {"bot_self":1}
[10:48:17 PM] Checking 1 contacts for status
[10:48:17 PM] ✅ Status found for: 254703397679:26 (cache_recent_status)
[10:48:17 PM] Notification error: Assignment to constant variable.
[10:48:17 PM] Poll complete. Found 1 statuses
[10:48:47 PM] Polling for statuses...
[10:48:47 PM] Contact sources: {"bot_self":1}
[10:48:47 PM] Checking 1 contacts for status
[10:48:47 PM] ✅ Status found for: 254703397679:26 (cache_recent_status)
[10:48:47 PM] Notification error: Assignment to constant variable.
[10:48:47 PM] Poll complete. Found 1 statuses
[10:49:17 PM] Polling for statuses...
[10:49:17 PM] Contact sources: {"bot_self":1}
[10:49:17 PM] Checking 1 contacts for status
[10:49:17 PM] ✅ Status found for: 254703397679:26 (cache_recent_status)
[10:49:17 PM] Notification error: Assignment to constant variable.
[10:49:17 PM] Poll complete. Found 1 statuses
[10:49:47 PM] Polling for statuses...
[10:49:47 PM] Contact sources: {"bot_self":1}
[10:49:47 PM] Checking 1 contacts for status
[10:49:47 PM] ✅ Status found for: 254703397679:26 (cache_recent_status)
[10:49:47 PM] Notification error: Assignment to constant variable.
[10:49:47 PM] Poll complete. Found 1 statuses
[10:50:17 PM] Polling for statuses...
[10:50:17 PM] Contact sources: {"bot_self":1}
[10:50:17 PM] Checking 1 contacts for status
[10:50:17 PM] ✅ Status found for: 254703397679:26 (cache_recent_status)
[10:50:17 PM] Notification error: Assignment to constant variable.
[10:50:17 PM] Poll complete. Found 1 statuses
[10:50:47 PM] Polling for statuses...
[10:50:47 PM] Contact sources: {"bot_self":1}
[10:50:47 PM] Checking 1 contacts for status
[10:50:47 PM] ✅ Status found for: 254703397679:26 (cache_recent_status)
[10:50:47 PM] Notification error: Assignment to constant variable.
[10:50:47 PM] Poll complete. Found 1 statuses
[10:51:17 PM] Polling for statuses...
[10:51:17 PM] Contact sources: {"bot_self":1}
[10:51:17 PM] Checking 1 contacts for status
[10:51:17 PM] ✅ Status found for: 254703397679:26 (cache_recent_status)
[10:51:17 PM] Notification error: Assignment to constant variable.
[10:51:17 PM] Poll complete. Found 1 statuses
